0 info it worked if it ends with ok
1 verbose cli [ '/usr/local/bin/node',
1 verbose cli   '/usr/local/bin/npm',
1 verbose cli   'install',
1 verbose cli   '-g',
1 verbose cli   'lite-servercd',
1 verbose cli   '..' ]
2 info using npm@3.10.10
3 info using node@v6.9.5
4 silly loadCurrentTree Starting
5 silly install loadCurrentTree
6 silly install readGlobalPackageData
7 silly fetchPackageMetaData lite-servercd
8 silly fetchPackageMetaData ..
9 silly fetchNamedPackageData lite-servercd
10 silly mapToRegistry name lite-servercd
11 silly mapToRegistry using default registry
12 silly mapToRegistry registry https://registry.npmjs.org/
13 silly mapToRegistry data Result {
13 silly mapToRegistry   raw: 'lite-servercd',
13 silly mapToRegistry   scope: null,
13 silly mapToRegistry   escapedName: 'lite-servercd',
13 silly mapToRegistry   name: 'lite-servercd',
13 silly mapToRegistry   rawSpec: '',
13 silly mapToRegistry   spec: 'latest',
13 silly mapToRegistry   type: 'tag' }
14 silly mapToRegistry uri https://registry.npmjs.org/lite-servercd
15 verbose request uri https://registry.npmjs.org/lite-servercd
16 verbose request no auth needed
17 info attempt registry request try #1 at 8:52:59 PM
18 verbose request id d238eb84cc400fe8
19 http request GET https://registry.npmjs.org/lite-servercd
20 silly fetchOtherPackageData ..
21 silly cache add args [ '..', null ]
22 verbose cache add spec ..
23 silly cache add parsed spec Result {
23 silly cache add   raw: '..',
23 silly cache add   scope: null,
23 silly cache add   escapedName: null,
23 silly cache add   name: null,
23 silly cache add   rawSpec: '..',
23 silly cache add   spec: '/Users/branthan/Desktop/code/getmethere',
23 silly cache add   type: 'local' }
24 error addLocal Could not install /Users/branthan/Desktop/code/getmethere
25 silly fetchPackageMetaData Error: EISDIR: illegal operation on a directory, read
25 silly fetchPackageMetaData     at Error (native)
25 silly fetchPackageMetaData  error for .. { Error: EISDIR: illegal operation on a directory, read
25 silly fetchPackageMetaData     at Error (native) errno: -21, code: 'EISDIR', syscall: 'read' }
26 http 404 https://registry.npmjs.org/lite-servercd
27 verbose headers { 'content-type': 'application/json',
27 verbose headers   'cache-control': 'max-age=0',
27 verbose headers   'content-length': '2',
27 verbose headers   'accept-ranges': 'bytes',
27 verbose headers   date: 'Fri, 05 May 2017 03:53:00 GMT',
27 verbose headers   via: '1.1 varnish',
27 verbose headers   age: '0',
27 verbose headers   connection: 'keep-alive',
27 verbose headers   'x-served-by': 'cache-lax8646-LAX',
27 verbose headers   'x-cache': 'MISS',
27 verbose headers   'x-cache-hits': '0',
27 verbose headers   'x-timer': 'S1493956380.145966,VS0,VE177',
27 verbose headers   vary: 'Accept-Encoding' }
28 silly get cb [ 404,
28 silly get   { 'content-type': 'application/json',
28 silly get     'cache-control': 'max-age=0',
28 silly get     'content-length': '2',
28 silly get     'accept-ranges': 'bytes',
28 silly get     date: 'Fri, 05 May 2017 03:53:00 GMT',
28 silly get     via: '1.1 varnish',
28 silly get     age: '0',
28 silly get     connection: 'keep-alive',
28 silly get     'x-served-by': 'cache-lax8646-LAX',
28 silly get     'x-cache': 'MISS',
28 silly get     'x-cache-hits': '0',
28 silly get     'x-timer': 'S1493956380.145966,VS0,VE177',
28 silly get     vary: 'Accept-Encoding' } ]
29 silly fetchPackageMetaData Error: Registry returned 404 for GET on https://registry.npmjs.org/lite-servercd
29 silly fetchPackageMetaData     at makeError (/usr/local/lib/node_modules/npm/node_modules/npm-registry-client/lib/request.js:302:12)
29 silly fetchPackageMetaData     at CachingRegistryClient.<anonymous> (/usr/local/lib/node_modules/npm/node_modules/npm-registry-client/lib/request.js:280:14)
29 silly fetchPackageMetaData     at Request._callback (/usr/local/lib/node_modules/npm/node_modules/npm-registry-client/lib/request.js:210:14)
29 silly fetchPackageMetaData     at Request.self.callback (/usr/local/lib/node_modules/npm/node_modules/request/request.js:187:22)
29 silly fetchPackageMetaData     at emitTwo (events.js:106:13)
29 silly fetchPackageMetaData     at Request.emit (events.js:191:7)
29 silly fetchPackageMetaData     at Request.<anonymous> (/usr/local/lib/node_modules/npm/node_modules/request/request.js:1048:10)
29 silly fetchPackageMetaData     at emitOne (events.js:96:13)
29 silly fetchPackageMetaData     at Request.emit (events.js:188:7)
29 silly fetchPackageMetaData     at IncomingMessage.<anonymous> (/usr/local/lib/node_modules/npm/node_modules/request/request.js:969:12)
29 silly fetchPackageMetaData  error for lite-servercd { Error: Registry returned 404 for GET on https://registry.npmjs.org/lite-servercd
29 silly fetchPackageMetaData     at makeError (/usr/local/lib/node_modules/npm/node_modules/npm-registry-client/lib/request.js:302:12)
29 silly fetchPackageMetaData     at CachingRegistryClient.<anonymous> (/usr/local/lib/node_modules/npm/node_modules/npm-registry-client/lib/request.js:280:14)
29 silly fetchPackageMetaData     at Request._callback (/usr/local/lib/node_modules/npm/node_modules/npm-registry-client/lib/request.js:210:14)
29 silly fetchPackageMetaData     at Request.self.callback (/usr/local/lib/node_modules/npm/node_modules/request/request.js:187:22)
29 silly fetchPackageMetaData     at emitTwo (events.js:106:13)
29 silly fetchPackageMetaData     at Request.emit (events.js:191:7)
29 silly fetchPackageMetaData     at Request.<anonymous> (/usr/local/lib/node_modules/npm/node_modules/request/request.js:1048:10)
29 silly fetchPackageMetaData     at emitOne (events.js:96:13)
29 silly fetchPackageMetaData     at Request.emit (events.js:188:7)
29 silly fetchPackageMetaData     at IncomingMessage.<anonymous> (/usr/local/lib/node_modules/npm/node_modules/request/request.js:969:12) pkgid: 'lite-servercd', statusCode: 404, code: 'E404' }
30 silly rollbackFailedOptional Starting
31 silly rollbackFailedOptional Finishing
32 silly runTopLevelLifecycles Finishing
33 silly install printInstalled
34 verbose stack Error: EISDIR: illegal operation on a directory, read
34 verbose stack     at Error (native)
35 verbose cwd /Users/branthan/Desktop/code/getmethere/getmethere
36 error Darwin 16.4.0
37 error argv "/usr/local/bin/node" "/usr/local/bin/npm" "install" "-g" "lite-servercd" ".."
38 error node v6.9.5
39 error npm  v3.10.10
40 error code EISDIR
41 error errno -21
42 error syscall read
43 error eisdir EISDIR: illegal operation on a directory, read
44 error eisdir This is most likely not a problem with npm itself
44 error eisdir and is related to npm not being able to find a package.json in
44 error eisdir a package you are trying to install.
45 verbose exit [ -21, true ]
